TRACE::2022-07-02.23:54:21::SCWBifWriter::Found the complete platform D:/Xilinx/final_final/workspace/top/export/top/top.xpfm
TRACE::2022-07-02.23:54:22::SCWBifWriter::hardware databse : top_1
TRACE::2022-07-02.23:54:22::SCWBifWriter::bitstream found in the design
TRACE::2022-07-02.23:54:22::SCWBifWriter::Found a baremetal domain, proc: ps7_cortexa9_0
TRACE::2022-07-02.23:54:22::SCWBifWriter::proc type : 
TRACE::2022-07-02.23:54:22::SCWBifWriter::proc[0] : ps7_cortexa9_0
TRACE::2022-07-02.23:54:22::SCWBifWriter::Device type is : zynq
TRACE::2022-07-02.23:54:22::SCWBifWriter::Writing BIF to file : D:/Xilinx/final_final/workspace/audio_system/Debug/system.bif
TRACE::2022-07-02.23:54:22::SCWBifWriter::Writing the Zynq Baremetal bif 
TRACE::2022-07-02.23:55:21::SCWBifWriter::Found the complete platform D:/Xilinx/final_final/workspace/top/export/top/top.xpfm
TRACE::2022-07-02.23:55:21::SCWBifWriter::hardware databse : top_1
TRACE::2022-07-02.23:55:21::SCWBifWriter::bitstream found in the design
TRACE::2022-07-02.23:55:21::SCWBifWriter::Found a baremetal domain, proc: ps7_cortexa9_0
TRACE::2022-07-02.23:55:21::SCWBifWriter::proc type : 
TRACE::2022-07-02.23:55:21::SCWBifWriter::proc[0] : ps7_cortexa9_0
TRACE::2022-07-02.23:55:21::SCWBifWriter::Device type is : zynq
TRACE::2022-07-02.23:55:21::SCWBifWriter::Writing BIF to file : D:/Xilinx/final_final/workspace/audio_system/Debug/system.bif
TRACE::2022-07-02.23:55:21::SCWBifWriter::Writing the Zynq Baremetal bif 
TRACE::2022-07-02.23:55:41::SCWBifWriter::Found the complete platform D:/Xilinx/final_final/workspace/top/export/top/top.xpfm
TRACE::2022-07-02.23:55:42::SCWBifWriter::hardware databse : top_1
TRACE::2022-07-02.23:55:42::SCWBifWriter::bitstream found in the design
TRACE::2022-07-02.23:55:42::SCWBifWriter::Found a baremetal domain, proc: ps7_cortexa9_0
TRACE::2022-07-02.23:55:42::SCWBifWriter::proc type : 
TRACE::2022-07-02.23:55:42::SCWBifWriter::proc[0] : ps7_cortexa9_0
TRACE::2022-07-02.23:55:42::SCWBifWriter::Device type is : zynq
TRACE::2022-07-02.23:55:42::SCWBifWriter::Writing BIF to file : D:/Xilinx/final_final/workspace/audio_system/Debug/system.bif
TRACE::2022-07-02.23:55:42::SCWBifWriter::Writing the Zynq Baremetal bif 
TRACE::2022-07-02.23:56:25::SCWBifWriter::Found the complete platform D:/Xilinx/final_final/workspace/top/export/top/top.xpfm
TRACE::2022-07-02.23:56:25::SCWBifWriter::hardware databse : top_1
TRACE::2022-07-02.23:56:25::SCWBifWriter::bitstream found in the design
TRACE::2022-07-02.23:56:25::SCWBifWriter::Found a baremetal domain, proc: ps7_cortexa9_0
TRACE::2022-07-02.23:56:25::SCWBifWriter::proc type : 
TRACE::2022-07-02.23:56:25::SCWBifWriter::proc[0] : ps7_cortexa9_0
TRACE::2022-07-02.23:56:25::SCWBifWriter::Device type is : zynq
TRACE::2022-07-02.23:56:25::SCWBifWriter::Writing BIF to file : D:/Xilinx/final_final/workspace/audio_system/Debug/system.bif
TRACE::2022-07-02.23:56:25::SCWBifWriter::Writing the Zynq Baremetal bif 
TRACE::2022-07-02.23:57:07::SCWBifWriter::Found the complete platform D:/Xilinx/final_final/workspace/top/export/top/top.xpfm
TRACE::2022-07-02.23:57:08::SCWBifWriter::hardware databse : top_1
TRACE::2022-07-02.23:57:08::SCWBifWriter::bitstream found in the design
TRACE::2022-07-02.23:57:08::SCWBifWriter::Found a baremetal domain, proc: ps7_cortexa9_0
TRACE::2022-07-02.23:57:08::SCWBifWriter::proc type : 
TRACE::2022-07-02.23:57:08::SCWBifWriter::proc[0] : ps7_cortexa9_0
TRACE::2022-07-02.23:57:08::SCWBifWriter::Device type is : zynq
TRACE::2022-07-02.23:57:08::SCWBifWriter::Writing BIF to file : D:/Xilinx/final_final/workspace/audio_system/Debug/system.bif
TRACE::2022-07-02.23:57:08::SCWBifWriter::Writing the Zynq Baremetal bif 
